<?xml version="1.0" encoding="UTF-8"?>
<testng-results ignored="0" total="1" passed="1" failed="0" skipped="0">
  <reporter-output>
  </reporter-output>
  <suite started-at="2023-05-01T23:38:12 GMT" name="Suite" finished-at="2023-05-01T23:38:17 GMT" duration-ms="5198">
    <groups>
    </groups>
    <test started-at="2023-05-01T23:38:12 GMT" name="Test" finished-at="2023-05-01T23:38:17 GMT" duration-ms="5198">
      <class name="TestsFile.Teststore">
        <test-method is-config="true" signature="beforeMethod()[pri:0, instance:TestsFile.Teststore@6e0f7aad]" started-at="2023-05-01T23:38:12 GMT" name="beforeMethod" finished-at="2023-05-01T23:38:16 GMT" duration-ms="4815" status="PASS">
          <reporter-output>
          </reporter-output>
        </test-method> <!-- beforeMethod -->
        <test-method signature="test001()[pri:0, instance:TestsFile.Teststore@6e0f7aad]" started-at="2023-05-01T23:38:17 GMT" name="test001" finished-at="2023-05-01T23:38:17 GMT" duration-ms="95" status="PASS">
          <reporter-output>
          </reporter-output>
        </test-method> <!-- test001 -->
      </class> <!-- TestsFile.Teststore -->
    </test> <!-- Test -->
  </suite> <!-- Suite -->
</testng-results>
