<?xml version="1.0" encoding="UTF-8"?>
<testng-results ignored="0" total="1" passed="1" failed="0" skipped="0">
  <reporter-output>
  </reporter-output>
  <suite started-at="2023-05-08T01:05:22 GMT" name="Suite" finished-at="2023-05-08T01:05:26 GMT" duration-ms="3488">
    <groups>
    </groups>
    <test started-at="2023-05-08T01:05:22 GMT" name="Test" finished-at="2023-05-08T01:05:26 GMT" duration-ms="3488">
      <class name="TestsFile.Teststore">
        <test-method is-config="true" signature="beforeMethod()[pri:0, instance:TestsFile.Teststore@2177849e]" started-at="2023-05-08T01:05:22 GMT" name="beforeMethod" finished-at="2023-05-08T01:05:26 GMT" duration-ms="3389" status="PASS">
          <reporter-output>
          </reporter-output>
        </test-method> <!-- beforeMethod -->
        <test-method signature="test001()[pri:0, instance:TestsFile.Teststore@2177849e]" started-at="2023-05-08T01:05:26 GMT" name="test001" finished-at="2023-05-08T01:05:26 GMT" duration-ms="43" status="PASS">
          <reporter-output>
          </reporter-output>
        </test-method> <!-- test001 -->
      </class> <!-- TestsFile.Teststore -->
    </test> <!-- Test -->
  </suite> <!-- Suite -->
</testng-results>
